4 ===============

category : not found ref bym page
season : not found ref bym page
theme : not found ref bym page
tag : not found ref bym page
palace : not found ref bym page
price : not found ref bym page
color : not found ref bym page
img_path : not found ref bym page
is_enable : False
prod_name : ヘア アクセサリー
prod_code :  AA7497 B05263 94305
prod_code_list : ['AA7497 B05263 94305']
prod_spec : 
size_list : []
size_table : 
is_enable : True


5 ===============

category : not found ref bym page
season : not found ref bym page
theme : not found ref bym page
tag : not found ref bym page
palace : not found ref bym page
price : not found ref bym page
color : not found ref bym page
img_path : not found ref bym page
is_enable : False
prod_name : ヘア アクセサリー
prod_code :  AA7491 B05263 94305
prod_code_list : [' AA7491 B05263 9430']
prod_spec : 
size_list : []
size_table : 
is_enable : True


6 ===============

category : ['レディースファッション', 'アクセサリー', 'ヘアアクセサリー']
season : ['2021 SS']
theme : []
tag : ['バレッタ', 'ブランド直営店ラッピングOK', 'レザー（本革）']
palace : ['宮城県', '宮城県']
price : ¥90,950
color : [['white', 'ホワイト']]
img_path : C:\Users\ntagu\workspace\til\web_op\exhibition_page_create_bym_chnl\img\04-22_6/
is_enable : True
prod_name : ヘア クリップ
prod_code :  AA7490 B05263 10601
prod_code_list : ['AA7490 B05263 10601']
prod_spec : 
size_list : []
size_table : 
is_enable : True


