21 ===============

category : ['レディースファッション', '靴・シューズ', 'ローファー・オックスフォード']
season : ['2021 SS']
theme : []
tag : ['ポインテッドトゥ', '0〜3cm', '異素材ミックス', 'ブランド直営店ラッピングOK', '無地', 'レザー（本革）', '太めヒール', 'ホリデー・クリスマス限定', 'エレガントスタイル', '英語版向け', 'ロゴ']
palace : ['宮城県', '宮城県']
price : ¥303,000
color : [['black', 'ブラック']]
img_path : C:\Users\ntagu\workspace\til\web_op\exhibition_page_create_bym_chnl\img\04-22_﻿21/
is_enable : True
prod_name : ローファー
prod_code :  G37403 X56164 94305
prod_code_list : ['G37403 X56164 94305']
prod_spec : ヒールの高さ 35 mm
size_list : []
size_table : 
is_enable : True


22 ===============

category : ['レディースファッション', '靴・シューズ', 'ローファー・オックスフォード']
season : ['2021 SS']
theme : ['雑誌、ＴＶ、映画に登場アイテム♪']
tag : ['オリヴィア・パレルモ', 'カーラ・デルヴィーニュ', 'ケイト・モス', 'セレーナ・ゴメス', 'テイラー・スウィフト', 'ブレイク・ライブリー', 'ミランダ・カー', 'リアーナ', 'プレーントゥ', '0〜3cm', 'ギフトラッピングOK', 'ストリート', 'ブランド直営店ラッピングOK', '無地', 'レザー（本革）', '太めヒール', 'ハンドメイド', 'パーティースタイル', '円高還元セール', 'オフィススタイル', 'ケンダル・ジェンナー', 'エレガントスタイル', '英語版向け', 'ロゴ']
palace : ['宮城県', '宮城県']
price : ¥147,700
color : [['black', '要在庫確認']]
img_path : C:\Users\ntagu\workspace\til\web_op\exhibition_page_create_bym_chnl\img\04-22_22/
is_enable : True
prod_name : ローファー
prod_code :  G37451 X56167 94305
prod_code_list : ['G37451 X56167 94305', 'G37451 X56168 0K685', 'G37451 X56168 0K688']
prod_spec : ヒールの高さ 20 mm
size_list : []
size_table : 
is_enable : True


23 ===============

category : ['レディースファッション', '靴・シューズ', 'フラットシューズ']
season : ['2021 SS']
theme : []
tag : ['ブランド直営店ラッピングOK', '無地', 'カジュアルスタイル', 'ロゴ']
palace : ['宮城県', '宮城県']
price : ¥95,900
color : [['black', 'ブラック'], ['beige', 'ベージュ & ブラック'], ['pink', 'ピンク']]
img_path : C:\Users\ntagu\workspace\til\web_op\exhibition_page_create_bym_chnl\img\04-22_23/
is_enable : True
prod_name : エスパドリーユ
prod_code :  G29762 Y55184 K2720
prod_code_list : ['G29762 Y55184 K2720', 'G29762 X01000 94305', 'G29762 X01000 C0204']
prod_spec : 
size_list : []
size_table : 
is_enable : True


