1 ===============

category : ['レディースファッション', 'スマホケース・テックアクセサリー', 'iPhone・スマホケース']
season : []
theme : []
tag : ['ギフトラッピングOK', 'ブランド直営店ラッピングOK', 'チェーン', 'レザー（本革）', 'iPhone 6 Plus', 'iPhone 6', 'iPhone 5s', 'iPhone 5c', 'iPhone 5', 'iPhone 6s', 'iPhone 6s Plus', 'Galaxy S5', 'Galaxy S6', 'Galaxy Note', 'iPhone SE', 'iPhone 7', 'iPhone 7 Plus', 'iPhone 8', 'iPhone 8 Plus', 'iPhone X', 'iPhone XS', 'iPhone XS Max', 'iPhone XR', 'Galaxy', 'Xperia', 'Google Pixel', 'iPhone 11 Pro', 'iPhone 11 Pro Max', 'iPhone 11', 'iPhone SE(第二世代)', 'AirPods', 'AirPods Pro', 'iPhone 12', 'iPhone 12 mini', 'iPhone 12 Pro', 'iPhone 12 Pro Max']
palace : ['宮城県', '宮城県']
price : ¥368,000
color : [['black', 'ブラック'], ['navy', 'ネイビーブルー']]
img_path : C:\Users\ntagu\workspace\til\web_op\exhibition_page_create_bym_chnl\img\04-20_1/
is_enable : True
prod_name : モバイルフォン & Airpods ケース
prod_code :  AP2033 B05060 94305
prod_code_list : ['AP2033 B05060 94305', 'AP2033 B05060 NB354']
prod_spec : 17.5 × 10 × 2 cm
size_list : []
size_table : 
is_enable : True


2 ===============

category : ['レディースファッション', '財布・小物', '長財布']
season : ['2021 SS']
theme : ['円高還元セール特集！']
tag : ['ラムスキン', '無地', 'レザー（本革）', '二つ折り', 'ミニ財布', 'ロゴ']
palace : ['宮城県', '宮城県']
price : ¥134,600
color : [['pink', 'ピンク']]
img_path : C:\Users\ntagu\workspace\til\web_op\exhibition_page_create_bym_chnl\img\04-20_2/
is_enable : True
prod_name : CHANEL 19 フラップ ウォレット
prod_code :  AP0953 B04852 NB358
prod_code_list : ['AP0953 B04852 NB358']
prod_spec : 9 × 16.5 × 2 cm
size_list : []
size_table : 
is_enable : True


3 ===============

category : ['レディースファッション', 'バッグ・カバン', 'ショルダーバッグ・ポシェット']
season : ['2021 SS']
theme : []
tag : ['異素材ミックス', 'ブランド直営店ラッピングOK', 'チェーン', '無地', 'レザー（本革）', 'ホリデー・クリスマス限定', 'エレガントスタイル', '英語版向け', '斜め掛け・クロスボディ', 'ロゴ']
palace : ['宮城県', '宮城県']
price : ¥424,000
color : [['white', 'ホワイト']]
img_path : C:\Users\ntagu\workspace\til\web_op\exhibition_page_create_bym_chnl\img\04-20_3/
is_enable : True
prod_name : チェーンウォレット
prod_code :  AP2020 B05132 10601
prod_code_list : ['AP2020 B05132 10601']
prod_spec : 12.3 × 19.2 × 3.5 cm
size_list : []
size_table : 
is_enable : True


4 ===============

category : ['レディースファッション', '財布・小物', 'カードケース・名刺入れ']
season : []
theme : []
tag : ['リアーナ', '井川遥', '紗栄子', '鈴木えみ', '道端ジェシカ', '辺見えみり', 'ローラ', '手元に在庫あり(即発送可能)', '日本未入荷', 'ELLE', 'BAILA', 'GINZA', 'JJ', 'sweet', 'ブランド直営店ラッピングOK', '無地', 'その他アニマル柄', 'レザー（本革）', '石原さとみ', 'mini', 'スピード配送']
palace : ['宮城県', '宮城県']
price : ¥132,719
color : [['black', 'ブラックXゴールド']]
img_path : C:\Users\ntagu\workspace\til\web_op\exhibition_page_create_bym_chnl\img\04-20_4/
is_enable : True
prod_name : クラシック スモール ウォレット
prod_code :  AP1991 Y04059 C3906
prod_code_list : ['AP1991 Y04059 C3906']
prod_spec : 9.5 × 10.7 × 2.7 cm
size_list : []
size_table : 
is_enable : True


5 ===============

category : ['レディースファッション', 'バッグ・カバン', 'ショルダーバッグ・ポシェット']
season : ['2021 SS']
theme : []
tag : ['ブランド直営店ラッピングOK']
palace : ['宮城県', '宮城県']
price : ¥178,000
color : [['gold', 'ゴールド'], ['silver', 'シルバー'], ['pink', 'ピンク']]
img_path : C:\Users\ntagu\workspace\til\web_op\exhibition_page_create_bym_chnl\img\04-20_5/
is_enable : True
prod_name : クラシック ベルトバッグ
prod_code :  AP1983 Y33352 NB358
prod_code_list : ['AP1983 Y33352 NB358', 'AP1983 B05213 45002']
prod_spec : 
size_list : []
size_table : 
is_enable : True


6 ===============

category : ['レディースファッション', '財布・小物', 'コインケース・小銭入れ']
season : []
theme : []
tag : ['ユニセックス', 'ラムスキン', 'ギフトラッピングOK', 'ブランド直営店ラッピングOK', 'レザー（本革）', 'ラウンドジップ(ファスナー)', 'ロゴ']
palace : ['宮城県', '宮城県']
price : ¥96,640
color : [['black', 'ブラック'], ['blue', 'ネオンブルー'], ['pink', 'ピンク']]
img_path : C:\Users\ntagu\workspace\til\web_op\exhibition_page_create_bym_chnl\img\04-20_6/
is_enable : True
prod_name : クラシック ジップ コインパース
prod_code :  AP0216 B05187 NB358
prod_code_list : ['AP0216 B05187 NB358', 'AP0216 B05640 NC419', 'AP0216 Y01588 C3906']
prod_spec : 7.5 × 11 × 2 cm
size_list : []
size_table : 
is_enable : True


7 ===============

category : ['レディースファッション', '財布・小物', '長財布']
season : []
theme : []
tag : ['ユニセックス', 'カーフスキン', 'ラムスキン', 'ブランド直営店ラッピングOK', '無地', 'ラウンドジップ(ファスナー)', 'ロゴ', '謝恩会', '結婚式・二次会']
palace : ['宮城県', '宮城県']
price : ¥149,800
color : [['black', 'キャビア x ゴールド金具']]
img_path : C:\Users\ntagu\workspace\til\web_op\exhibition_page_create_bym_chnl\img\04-20_7/
is_enable : True
prod_name : クラシック ロング ジップ ウォレット
prod_code :  AP0242 Y01864 C3906
prod_code_list : ['AP0242 Y01864 C3906']
prod_spec : 10.5 × 19.5 × 2 cm
size_list : []
size_table : 
is_enable : True


8 ===============

category : ['レディースファッション', '財布・小物', '長財布']
season : []
theme : []
tag : []
palace : ['宮城県', '宮城県']
price : ¥159,800
color : [['black', 'ブラック'], ['green', 'グリーン'], ['yellow', 'イエロー']]
img_path : C:\Users\ntagu\workspace\til\web_op\exhibition_page_create_bym_chnl\img\04-20_8/
is_enable : True
prod_name : クラシック ロング フラップ ウォレット
prod_code :  AP0241 Y01480 C3906
prod_code_list : ['AP0241 Y01480 C3906', 'AP0241 Y33352 NC024', 'AP0241 Y33352 NB357']
prod_spec : 10.5 × 19.4 × 3 cm
size_list : []
size_table : 
is_enable : True


9 ===============

category : ['レディースファッション', 'アクセサリー', 'ピアス']
season : []
theme : ['雑誌、ＴＶ、映画に登場アイテム♪']
tag : ['ギフトラッピングOK', 'ブランド直営店ラッピングOK', 'パーティースタイル', 'オフィススタイル', 'エレガントスタイル', 'カジュアルスタイル']
palace : ['宮城県', '宮城県']
price : ¥68,800
color : [['gold', 'ゴールド'], ['silver', 'シルバー']]
img_path : C:\Users\ntagu\workspace\til\web_op\exhibition_page_create_bym_chnl\img\04-20_9/
is_enable : True
prod_name : ピアス
prod_code :  A88429 Y02003 Z2800
prod_code_list : [' A88429 Y02003 Z280']
prod_spec : 
size_list : []
size_table : 
is_enable : True


10 ===============

category : ['レディースファッション', 'アクセサリー', 'イヤリング']
season : []
theme : []
tag : ['コスチュームジュエリー', 'ギフトラッピングOK', 'ELLE', 'BAILA', 'GISELe', 'ブランド直営店ラッピングOK', 'パーティースタイル', 'ファインジュエリー', 'ビジュー', 'エレガントスタイル', 'カジュアルスタイル', '英語版向け', 'VOGUE', '謝恩会', '結婚式・二次会']
palace : ['宮城県', '宮城県']
price : ¥86,300
color : [['gold', 'ゴールド（要確認）']]
img_path : C:\Users\ntagu\workspace\til\web_op\exhibition_page_create_bym_chnl\img\04-20_10/
is_enable : True
prod_name : ピアス
prod_code :  A86506 Y09902 Z2953
prod_code_list : [' A86506 Y09902 Z295']
prod_spec : 
size_list : []
size_table : 
is_enable : True


