6 ===============

category : ['レディースファッション', 'アクセサリー', 'ヘアアクセサリー']
season : ['2021 SS']
theme : []
tag : ['バレッタ', 'ブランド直営店ラッピングOK', 'レザー（本革）']
palace : ['宮城県', '宮城県']
price : ¥90,950
color : [['white', 'ホワイト']]
img_path : C:\Users\ntagu\workspace\til\web_op\exhibition_page_create_bym_chnl\img\04-22_﻿6/
is_enable : True
prod_name : ヘア クリップ
prod_code :  AA7490 B05263 10601
prod_code_list : ['AA7490 B05263 10601']
prod_spec : 
size_list : []
size_table : 
is_enable : True


7 ===============

category : ['レディースファッション', '帽子', 'ハット']
season : ['2021 SS']
theme : []
tag : ['ユニセックス', 'ストリート', 'BAILA', 'VERY', 'バケットハット']
palace : ['宮城県', '宮城県']
price : ¥130,000
color : [['white', 'ホワイト(要在庫確)'], ['blue', 'ブルー&オレンジ(要在庫確)'], ['pink', 'ピンク&イエロー(要在庫確)']]
img_path : C:\Users\ntagu\workspace\til\web_op\exhibition_page_create_bym_chnl\img\04-22_7/
is_enable : True
prod_name : ハット
prod_code :  AA7574 B05775 NC583
prod_code_list : ['AA7574 B05775 NC583', 'AA7574 B05781 NC580', 'AA7574 B05782 10601']
prod_spec : 
size_list : []
size_table : 
is_enable : True


8 ===============

category : ['レディースファッション', 'アクセサリー', 'ヘアアクセサリー']
season : []
theme : []
tag : ['ギフトラッピングOK', 'ストリート', 'ELLE', 'ブランド直営店ラッピングOK', 'パーティースタイル', 'オフィススタイル', 'エレガントスタイル', 'カジュアルスタイル', 'VOGUE']
palace : ['宮城県', '宮城県']
price : ¥35,000
color : [['black', '※要在庫問合せ ブラック'], ['blue', '※要在庫問合せターコイズ'], ['pink', '※要在庫問合せ フューシャ']]
img_path : C:\Users\ntagu\workspace\til\web_op\exhibition_page_create_bym_chnl\img\04-22_8/
is_enable : True
prod_name : ヘアバンド
prod_code :  AA7463 B05202 NB862
prod_code_list : ['AA7463 B05202 NB862', 'AA7463 B05202 NB864', 'AA7463 B05202 NB865']
prod_spec : 120 × 6 cm
size_list : []
size_table : 
is_enable : True


9 ===============

category : not found ref bym page
season : not found ref bym page
theme : not found ref bym page
tag : not found ref bym page
palace : not found ref bym page
price : not found ref bym page
color : not found ref bym page
img_path : not found ref bym page
is_enable : False
prod_name : ヘアバンド
prod_code :  AA7447 B05146 NB836
prod_code_list : ['AA7447 B05146 NB836', 'AA7447 B05146 10800', 'AA7447 B05146 94305']
prod_spec : 120 × 6 cm
size_list : []
size_table : 
is_enable : True


10 ===============

category : ['レディースファッション', 'ファッション雑貨・小物', 'スカーフ']
season : ['2021 SS']
theme : ['雑誌、ＴＶ、映画に登場アイテム♪']
tag : ['シルク', 'ギフトラッピングOK', 'バイカラー', '円高還元セール', 'オフィススタイル', 'エレガントスタイル', 'カジュアルスタイル', 'ロゴ']
palace : ['宮城県', '宮城県']
price : ¥72,800
color : [['black', 'ブラック & ホワイト'], ['navy', 'ネイビーブルー & ホワイト'], ['pink', 'フューシャ & ホワイト']]
img_path : C:\Users\ntagu\workspace\til\web_op\exhibition_page_create_bym_chnl\img\04-22_10/
is_enable : True
prod_name : スカーフ
prod_code :  AA7449 B05158 NB541
prod_code_list : ['AA7449 B05158 NB541', 'AA7449 B05158 NB544', 'AA7449 B05158 NB541']
prod_spec : 90 × 90 cm
size_list : []
size_table : 
is_enable : True


11 ===============

category : ['レディースファッション', 'アクセサリー', 'ネックレス・ペンダント']
season : ['2021 SS']
theme : []
tag : ['チェーン', 'パーティースタイル', 'エレガントスタイル', 'カジュアルスタイル']
palace : ['宮城県', '宮城県']
price : ¥86,000
color : [['gold', 'ゴールド\u3000※要在庫確認']]
img_path : C:\Users\ntagu\workspace\til\web_op\exhibition_page_create_bym_chnl\img\04-22_11/
is_enable : True
prod_name : ネックレス
prod_code :  AB6095 B05288 NB905
prod_code_list : ['AB6095 B05288 NB905']
prod_spec : 
size_list : []
size_table : 
is_enable : True


12 ===============

category : ['レディースファッション', 'アクセサリー', 'ブレスレット']
season : ['2021 SS']
theme : ['円高還元セール特集！']
tag : ['コスチュームジュエリー', 'ギフトラッピングOK', 'ブランド直営店ラッピングOK', 'パーティースタイル', 'ホームパーティーアイテム', 'エレガントスタイル', 'カジュアルスタイル', 'フォーマルスタイル', '謝恩会', '結婚式・二次会']
palace : ['宮城県', '宮城県']
price : ¥104,000
color : [['gold', '※要在庫確認']]
img_path : C:\Users\ntagu\workspace\til\web_op\exhibition_page_create_bym_chnl\img\04-22_12/
is_enable : True
prod_name : ブレスレット
prod_code :  AB5710 B04917 NB218
prod_code_list : ['AB5710 B04917 NB218']
prod_spec : 
size_list : []
size_table : 
is_enable : True


13 ===============

category : ['レディースファッション', 'バッグ・カバン', 'ショルダーバッグ・ポシェット']
season : []
theme : []
tag : ['チェーン', 'ロゴ']
palace : ['宮城県', '宮城県']
price : ¥199,800
color : [['beige', '黒 ベージュ']]
img_path : C:\Users\ntagu\workspace\til\web_op\exhibition_page_create_bym_chnl\img\04-22_13/
is_enable : True
prod_name : ヴァニティー ケース
prod_code :  AP1999 B05010 N4130
prod_code_list : ['AP1999 B05010 N4130']
prod_spec : 9.5 × 17 × 8 cm
size_list : []
size_table : 
is_enable : True


14 ===============

category : ['レディースファッション', 'バッグ・カバン', 'ショルダーバッグ・ポシェット']
season : []
theme : []
tag : ['ギフトラッピングOK', '2WAY', 'ブランド直営店ラッピングOK', 'レザー（本革）', 'パーティースタイル', 'エレガントスタイル', 'カジュアルスタイル']
palace : ['宮城県', '宮城県']
price : ¥523,100
color : [['black', 'BLACK'], ['white', 'WHITE'], ['blue', 'NEON\u3000BLUE'], ['pink', 'NEON\u3000PINK'], ['gold', 'GOLD'], ['green', 'GREEN']]
img_path : C:\Users\ntagu\workspace\til\web_op\exhibition_page_create_bym_chnl\img\04-22_14/
is_enable : True
prod_name : ミニ フラップ バッグ
prod_code :  A69900 Y04059 94305
prod_code_list : [' A69900 Y04059 9430', '5A69900 B05462 1060', '1A69900 B05640 NC41', '9A69900 B05640 NC42', '1A69900 B05133 NB81', '2 A69900 B05187 NB3', '58A69900 Y04059 NA1']
prod_spec : 12 × 20 × 6 cm
size_list : []
size_table : 
is_enable : True


15 ===============

category : ['レディースファッション', 'アクセサリー', 'ブレスレット']
season : ['2021 SS']
theme : ['雑誌、ＴＶ、映画に登場アイテム♪']
tag : ['バングル', 'コスチュームジュエリー', '異素材ミックス', 'カジュアルスタイル']
palace : ['宮城県', '宮城県']
price : ¥228,600
color : [['gold', 'ゴールド/ブラック']]
img_path : C:\Users\ntagu\workspace\til\web_op\exhibition_page_create_bym_chnl\img\04-22_15/
is_enable : True
prod_name : バングル
prod_code :  AB6140 B05547 NC155
prod_code_list : ['AB6140 B05547 NC155']
prod_spec : 
size_list : []
size_table : 
is_enable : True


16 ===============

category : ['レディースファッション', '靴・シューズ', 'フラットシューズ']
season : []
theme : []
tag : ['エスパドリーユ', 'ラウンドトゥ', 'ラバーソール', '無地', 'レザー（本革）', 'ロゴ']
palace : ['宮城県', '宮城県']
price : ¥111,700
color : [['beige', 'ベージュ']]
img_path : C:\Users\ntagu\workspace\til\web_op\exhibition_page_create_bym_chnl\img\04-22_16/
is_enable : True
prod_name : エスパドリーユ
prod_code :  G37302 Y55182 K2715
prod_code_list : ['G37302 Y55182 K2715', 'G37302 Y55183 K2719']
prod_spec : 
size_list : []
size_table : 
is_enable : True


17 ===============

category : ['レディースファッション', '靴・シューズ', 'サンダル・ミュール']
season : ['2021 SS']
theme : []
tag : ['0〜3cm', 'Neiman Marcus', 'Saks Fifth Avenue', '無地', 'エレガントスタイル', 'カジュアルスタイル', 'ミュール', 'ロゴ']
palace : ['宮城県', '宮城県']
price : ¥161,000
color : [['black', 'ブラック'], ['white', 'ライトベージュ'], ['navy', 'ネイビー']]
img_path : C:\Users\ntagu\workspace\til\web_op\exhibition_page_create_bym_chnl\img\04-22_17/
is_enable : True
prod_name : ミュール
prod_code :  G36923 X56032 0K044
prod_code_list : ['G36923 X56032 94305', 'G36923 X56032 0K042', 'G36923 X56032 0K044']
prod_spec : 
size_list : []
size_table : 
is_enable : True


18 ===============

category : ['レディースファッション', 'バッグ・カバン', 'ショルダーバッグ・ポシェット']
season : ['2021 SS']
theme : []
tag : []
palace : ['宮城県', '宮城県']
price : ¥229,700
color : [['pink', 'ピンク']]
img_path : C:\Users\ntagu\workspace\til\web_op\exhibition_page_create_bym_chnl\img\04-22_18/
is_enable : True
prod_name : チェーン クラッチ
prod_code :  AP2034 B05060 NB358
prod_code_list : ['AP2034 B05060 NB358']
prod_spec : 12 × 12 × 4.5 cm
size_list : []
size_table : 
is_enable : True


19 ===============

category : ['レディースファッション', 'バッグ・カバン', 'クラッチバッグ']
season : ['2021 Cruise']
theme : []
tag : ['BAILA', 'JJ', 'VERY', 'ブランド直営店ラッピングOK', '無地', 'レザー（本革）', 'パーティースタイル', 'オフィススタイル', 'カジュアルスタイル', 'ロゴ', 'CanCam']
palace : ['宮城県', '宮城県']
price : ¥307,000
color : [['black', 'ブラック']]
img_path : C:\Users\ntagu\workspace\til\web_op\exhibition_page_create_bym_chnl\img\04-22_19/
is_enable : True
prod_name : ポーチ
prod_code :  AP1957 B04814 94305
prod_code_list : ['AP1957 B04814 94305']
prod_spec : 12.5 × 19 × 5 cm
size_list : []
size_table : 
is_enable : True


20 ===============

category : ['ビューティー', 'メイク小物', 'メイクポーチ']
season : ['2019 Cruise']
theme : []
tag : ['異素材ミックス', 'ブランド直営店ラッピングOK', 'ホリデー・クリスマス限定', '英語版向け']
palace : ['宮城県', '宮城県']
price : ¥342,000
color : [['black', 'ブラック']]
img_path : C:\Users\ntagu\workspace\til\web_op\exhibition_page_create_bym_chnl\img\04-22_20/
is_enable : True
prod_name : クラシック ヴァニティー ポーチ
prod_code :  A80913 Y04059 C3906
prod_code_list : ['A80913 Y04059 C3906']
prod_spec : 15 × 21 × 14 cm
size_list : []
size_table : 
is_enable : True


21 ===============

category : ['レディースファッション', '靴・シューズ', 'ローファー・オックスフォード']
season : ['2021 SS']
theme : []
tag : ['ポインテッドトゥ', '0〜3cm', '異素材ミックス', 'ブランド直営店ラッピングOK', '無地', 'レザー（本革）', '太めヒール', 'ホリデー・クリスマス限定', 'エレガントスタイル', '英語版向け', 'ロゴ']
palace : ['宮城県', '宮城県']
price : ¥303,000
color : [['black', 'ブラック']]
img_path : C:\Users\ntagu\workspace\til\web_op\exhibition_page_create_bym_chnl\img\04-22_21/
is_enable : True
prod_name : ローファー
prod_code :  G37403 X56164 94305
prod_code_list : ['G37403 X56164 94305']
prod_spec : ヒールの高さ 35 mm
size_list : []
size_table : 
is_enable : True


22 ===============

category : ['レディースファッション', '靴・シューズ', 'ローファー・オックスフォード']
season : ['2021 SS']
theme : ['雑誌、ＴＶ、映画に登場アイテム♪']
tag : ['オリヴィア・パレルモ', 'カーラ・デルヴィーニュ', 'ケイト・モス', 'セレーナ・ゴメス', 'テイラー・スウィフト', 'ブレイク・ライブリー', 'ミランダ・カー', 'リアーナ', 'プレーントゥ', '0〜3cm', 'ギフトラッピングOK', 'ストリート', 'ブランド直営店ラッピングOK', '無地', 'レザー（本革）', '太めヒール', 'ハンドメイド', 'パーティースタイル', '円高還元セール', 'オフィススタイル', 'ケンダル・ジェンナー', 'エレガントスタイル', '英語版向け', 'ロゴ']
palace : ['宮城県', '宮城県']
price : ¥147,700
color : [['black', '要在庫確認']]
img_path : C:\Users\ntagu\workspace\til\web_op\exhibition_page_create_bym_chnl\img\04-22_22/
is_enable : True
prod_name : ローファー
prod_code :  G37451 X56167 94305
prod_code_list : ['G37451 X56167 94305', 'G37451 X56168 0K685', 'G37451 X56168 0K688']
prod_spec : ヒールの高さ 20 mm
size_list : []
size_table : 
is_enable : True


23 ===============

category : ['レディースファッション', '靴・シューズ', 'フラットシューズ']
season : ['2021 SS']
theme : []
tag : ['ブランド直営店ラッピングOK', '無地', 'カジュアルスタイル', 'ロゴ']
palace : ['宮城県', '宮城県']
price : ¥95,900
color : [['black', 'ブラック'], ['beige', 'ベージュ & ブラック'], ['pink', 'ピンク']]
img_path : C:\Users\ntagu\workspace\til\web_op\exhibition_page_create_bym_chnl\img\04-22_23/
is_enable : True
prod_name : エスパドリーユ
prod_code :  G29762 Y55184 K2720
prod_code_list : ['G29762 Y55184 K2720', 'G29762 X01000 94305', 'G29762 X01000 C0204']
prod_spec : 
size_list : []
size_table : 
is_enable : True


24 ===============

category : ['レディースファッション', '靴・シューズ', 'サンダル・ミュール']
season : ['2021 SS']
theme : []
tag : ['オープントゥ', '0〜3cm', 'ギフトラッピングOK', 'ストリート', 'ブランド直営店ラッピングOK', '無地', '厚底', 'シャワーサンダル', 'エレガントスタイル', 'カジュアルスタイル', '英語版向け', 'ミュール', 'ロゴ']
palace : ['宮城県', '宮城県']
price : ¥170,590
color : [['white', 'アイボリー'], ['navy', 'ネイビーブルー'], ['yellow', 'イエロー']]
img_path : C:\Users\ntagu\workspace\til\web_op\exhibition_page_create_bym_chnl\img\04-22_24/
is_enable : True
prod_name : ミュール
prod_code :  G36901 X01000 NB357
prod_code_list : ['G36901 X01000 NB357', '\u3000G36901 X01000 1080', '0\u3000G36901 X01000 NB3']
prod_spec : ヒールの高さ 5 mm
size_list : []
size_table : 
is_enable : True


25 ===============

category : ['レディースファッション', '靴・シューズ', 'パンプス']
season : ['2021 SS']
theme : []
tag : ['プレーントゥ', 'バイカラー', 'ブランド直営店ラッピングOK', 'レザー（本革）', '5〜7cm', '太めヒール', 'エレガントスタイル', 'カジュアルスタイル']
palace : ['宮城県', '宮城県']
price : ¥147,400
color : [['white', 'ホワイト＆ブラック']]
img_path : C:\Users\ntagu\workspace\til\web_op\exhibition_page_create_bym_chnl\img\04-22_25/
is_enable : True
prod_name : パンプス
prod_code :  G37164 Y55140 K2634
prod_code_list : ['G37164 Y55140 K2634']
prod_spec : ヒールの高さ 60 mm
size_list : []
size_table : 
is_enable : True


26 ===============

category : ['レディースファッション', '靴・シューズ', 'スリッポン']
season : ['2021 SS']
theme : []
tag : ['ポインテッドトゥ', '0〜3cm', '異素材ミックス', 'ブランド直営店ラッピングOK', '無地', '太めヒール', 'ホリデー・クリスマス限定', 'エレガントスタイル', 'スリッパ', '英語版向け', 'ロゴ']
palace : ['宮城県', '宮城県']
price : ¥180,000
color : [['white', 'ホワイト']]
img_path : C:\Users\ntagu\workspace\til\web_op\exhibition_page_create_bym_chnl\img\04-22_26/
is_enable : True
prod_name : ミュール
prod_code :  G37314 X01000 10800
prod_code_list : ['G37314 X01000 10800']
prod_spec : ヒールの高さ 15 mm
size_list : []
size_table : 
is_enable : True


27 ===============

category : ['レディースファッション', '靴・シューズ', 'ローファー・オックスフォード']
season : ['2021 Cruise']
theme : []
tag : ['プレーントゥ', 'エナメル', 'Neiman Marcus', 'Saks Fifth Avenue', 'チェーン', '無地', 'パーティースタイル', 'オフィススタイル', 'エレガントスタイル', 'カジュアルスタイル', 'フォーマルスタイル', 'ロゴ', 'チェーンパーツ']
palace : ['宮城県', '宮城県']
price : ¥196,000
color : [['black', 'ブラック']]
img_path : C:\Users\ntagu\workspace\til\web_op\exhibition_page_create_bym_chnl\img\04-22_27/
is_enable : True
prod_name : ローファー
prod_code :  G37430 X56161 94305
prod_code_list : ['G37430 X56161 94305']
prod_spec : ヒールの高さ 20 mm
size_list : []
size_table : 
is_enable : True


28 ===============

category : ['レディースファッション', '靴・シューズ', 'サンダル・ミュール']
season : []
theme : []
tag : []
palace : ['宮城県', '宮城県']
price : ¥146,600
color : [['black', 'ブラック・ホワイト'], ['gray', 'アイボリー・グレー']]
img_path : C:\Users\ntagu\workspace\til\web_op\exhibition_page_create_bym_chnl\img\04-22_28/
is_enable : True
prod_name : ミュール
prod_code :  G36557 Y55260 K2863
prod_code_list : ['G36557 Y55260 K2863', '\u3000 G36557 Y54392 C02']
prod_spec : ヒールの高さ 25 mm
size_list : []
size_table : 
is_enable : True


29 ===============

category : ['レディースファッション', '靴・シューズ', 'サンダル・ミュール']
season : ['2021 SS']
theme : ['雑誌、ＴＶ、映画に登場アイテム♪']
tag : ['オープントゥ', '0〜3cm', 'ギフトラッピングOK', 'ストリート', 'ブランド直営店ラッピングOK', '無地', 'レザー（本革）', '円高還元セール', 'エレガントスタイル', 'カジュアルスタイル', 'ロゴ', 'ストラップサンダル']
palace : ['宮城県', '宮城県']
price : ¥148,800
color : [['navy', 'ネイビーブルー'], ['brown', 'ブラウン'], ['yellow', 'イエロー'], ['red', 'レッド']]
img_path : C:\Users\ntagu\workspace\til\web_op\exhibition_page_create_bym_chnl\img\04-22_29/
is_enable : True
prod_name : サンダル
prod_code :  G36885 X56141 NB360
prod_code_list : [' G36885 X56141 NB36', '0G36885 X56141 NB35', '4G36885 X56141 NB35', '6 G36885 X56141 NB3']
prod_spec : ヒールの高さ 10 mm
size_list : []
size_table : 
is_enable : True


30 ===============

category : ['レディースファッション', '財布・小物', '折りたたみ財布']
season : ['2021 SS']
theme : ['雑誌、ＴＶ、映画に登場アイテム♪']
tag : ['カーフスキン', '無地', 'レザー（本革）', '三つ折り', 'ロゴ']
palace : ['宮城県', '宮城県']
price : ¥151,000
color : [['black', 'ブラック（要在庫確認）'], ['blue', 'ブルー（要在庫確認）']]
img_path : C:\Users\ntagu\workspace\til\web_op\exhibition_page_create_bym_chnl\img\04-22_30/
is_enable : True
prod_name : BOY CHANEL フラップ ウォレット
prod_code :  A84302 Y07659 94305
prod_code_list : ['A84302 Y07659 94305', '\u3000A84302 B02275 N595']
prod_spec : 10.3 × 15 × 4 cm
size_list : []
size_table : 
is_enable : True


