1 ===============

category : ['レディースファッション', 'アクセサリー', 'ヘアアクセサリー']
season : ['2021 SS']
theme : []
tag : ['ブランド直営店ラッピングOK', 'カジュアルスタイル', 'フォーマルスタイル', '結婚式・二次会']
palace : ['宮城県', '宮城県']
price : ¥87,000
color : [['white', 'ブラック&エクリュ']]
img_path : C:\Users\ntagu\workspace\til\web_op\exhibition_page_create_bym_chnl\img\04-22_﻿1/
is_enable : True
prod_name : ヘアバンド
prod_code :  AA7500 B05293 NB920
prod_code_list : [' AA7500 B05293 NB92']
prod_spec : 
size_list : []
size_table : 
is_enable : True


2 ===============

category : ['レディースファッション', 'アクセサリー', 'ヘアアクセサリー']
season : []
theme : []
tag : ['コスチュームジュエリー', 'ブランド直営店ラッピングOK', '真鍮', 'エレガントスタイル']
palace : ['宮城県', '宮城県']
price : ¥81,900
color : [['gold', 'ゴールド']]
img_path : C:\Users\ntagu\workspace\til\web_op\exhibition_page_create_bym_chnl\img\04-22_2/
is_enable : True
prod_name : ヘア クリップ
prod_code :  AB5836 B04917 NB218
prod_code_list : ['AB5836 B04917 NB218']
prod_spec : 
size_list : []
size_table : 
is_enable : True


3 ===============

category : ['メンズファッション', 'ファッション雑貨・小物', 'ベルト']
season : ['2020-21 AW']
theme : ['雑誌、ＴＶ、映画に登場アイテム♪']
tag : ['ユニセックス', 'ギフトラッピングOK', 'ストリート', '無地', 'レザー（本革）', '英語版向け', 'ロゴ', '謝恩会', '結婚式・二次会']
palace : ['宮城県', '宮城県']
price : ¥125,400
color : [['black', 'ブラック']]
img_path : C:\Users\ntagu\workspace\til\web_op\exhibition_page_create_bym_chnl\img\04-22_3/
is_enable : True
prod_name : ベルト
prod_code :  AA7504 B05300 94305
prod_code_list : ['AA7504 B05300 94305']
prod_spec : 
size_list : []
size_table : 
is_enable : True


4 ===============

category : not found ref bym page
season : not found ref bym page
theme : not found ref bym page
tag : not found ref bym page
palace : not found ref bym page
price : not found ref bym page
color : not found ref bym page
img_path : not found ref bym page
is_enable : False
prod_name : ヘア アクセサリー
prod_code :  AA7497 B05263 94305
prod_code_list : ['AA7497 B05263 94305']
prod_spec : 
size_list : []
size_table : 
is_enable : True


5 ===============

category : not found ref bym page
season : not found ref bym page
theme : not found ref bym page
tag : not found ref bym page
palace : not found ref bym page
price : not found ref bym page
color : not found ref bym page
img_path : not found ref bym page
is_enable : False
prod_name : ヘア アクセサリー
prod_code :  AA7491 B05263 94305
prod_code_list : ['AA7491 B05263 94305']
prod_spec : 
size_list : []
size_table : 
is_enable : True


6 ===============

category : ['レディースファッション', 'アクセサリー', 'ヘアアクセサリー']
season : ['2021 SS']
theme : []
tag : ['バレッタ', 'ブランド直営店ラッピングOK', 'レザー（本革）']
palace : ['宮城県', '宮城県']
price : ¥90,950
color : [['white', 'ホワイト']]
img_path : C:\Users\ntagu\workspace\til\web_op\exhibition_page_create_bym_chnl\img\04-22_6/
is_enable : True
prod_name : ヘア クリップ
prod_code :  AA7490 B05263 10601
prod_code_list : ['AA7490 B05263 10601']
prod_spec : 
size_list : []
size_table : 
is_enable : True


7 ===============

category : ['レディースファッション', '帽子', 'ハット']
season : ['2021 SS']
theme : []
tag : ['ユニセックス', 'ストリート', 'BAILA', 'VERY', 'バケットハット']
palace : ['宮城県', '宮城県']
price : ¥130,000
color : [['white', 'ホワイト(要在庫確)'], ['blue', 'ブルー&オレンジ(要在庫確)'], ['pink', 'ピンク&イエロー(要在庫確)']]
img_path : C:\Users\ntagu\workspace\til\web_op\exhibition_page_create_bym_chnl\img\04-22_7/
is_enable : True
prod_name : ハット
prod_code :  AA7574 B05775 NC583
prod_code_list : ['AA7574 B05775 NC583', 'AA7574 B05781 NC580', 'AA7574 B05782 10601']
prod_spec : 
size_list : []
size_table : 
is_enable : True


8 ===============

category : ['レディースファッション', 'アクセサリー', 'ヘアアクセサリー']
season : []
theme : []
tag : ['ギフトラッピングOK', 'ストリート', 'ELLE', 'ブランド直営店ラッピングOK', 'パーティースタイル', 'オフィススタイル', 'エレガントスタイル', 'カジュアルスタイル', 'VOGUE']
palace : ['宮城県', '宮城県']
price : ¥35,000
color : [['black', '※要在庫問合せ ブラック'], ['blue', '※要在庫問合せターコイズ'], ['pink', '※要在庫問合せ フューシャ']]
img_path : C:\Users\ntagu\workspace\til\web_op\exhibition_page_create_bym_chnl\img\04-22_8/
is_enable : True
prod_name : ヘアバンド
prod_code :  AA7463 B05202 NB862
prod_code_list : ['AA7463 B05202 NB862', 'AA7463 B05202 NB864', 'AA7463 B05202 NB865']
prod_spec : 120 × 6 cm
size_list : []
size_table : 
is_enable : True


9 ===============

category : not found ref bym page
season : not found ref bym page
theme : not found ref bym page
tag : not found ref bym page
palace : not found ref bym page
price : not found ref bym page
color : not found ref bym page
img_path : not found ref bym page
is_enable : False
prod_name : ヘアバンド
prod_code :  AA7447 B05146 NB836
prod_code_list : ['AA7447 B05146 NB836', 'AA7447 B05146 10800', 'AA7447 B05146 94305']
prod_spec : 120 × 6 cm
size_list : []
size_table : 
is_enable : True


10 ===============

category : ['レディースファッション', 'ファッション雑貨・小物', 'スカーフ']
season : ['2021 SS']
theme : ['雑誌、ＴＶ、映画に登場アイテム♪']
tag : ['シルク', 'ギフトラッピングOK', 'バイカラー', '円高還元セール', 'オフィススタイル', 'エレガントスタイル', 'カジュアルスタイル', 'ロゴ']
palace : ['宮城県', '宮城県']
price : ¥72,800
color : [['black', 'ブラック & ホワイト'], ['navy', 'ネイビーブルー & ホワイト'], ['pink', 'フューシャ & ホワイト']]
img_path : C:\Users\ntagu\workspace\til\web_op\exhibition_page_create_bym_chnl\img\04-22_10/
is_enable : True
prod_name : スカーフ
prod_code :  AA7449 B05158 NB541
prod_code_list : ['AA7449 B05158 NB541', 'AA7449 B05158 NB544', 'AA7449 B05158 NB541']
prod_spec : 90 × 90 cm
size_list : []
size_table : 
is_enable : True


11 ===============

category : ['レディースファッション', 'アクセサリー', 'ネックレス・ペンダント']
season : ['2021 SS']
theme : []
tag : ['チェーン', 'パーティースタイル', 'エレガントスタイル', 'カジュアルスタイル']
palace : ['宮城県', '宮城県']
price : ¥86,000
color : [['gold', 'ゴールド\u3000※要在庫確認']]
img_path : C:\Users\ntagu\workspace\til\web_op\exhibition_page_create_bym_chnl\img\04-22_11/
is_enable : True
prod_name : ネックレス
prod_code :  AB6095 B05288 NB905
prod_code_list : ['AB6095 B05288 NB905']
prod_spec : 
size_list : []
size_table : 
is_enable : True


12 ===============

category : ['レディースファッション', 'アクセサリー', 'ブレスレット']
season : ['2021 SS']
theme : ['円高還元セール特集！']
tag : ['コスチュームジュエリー', 'ギフトラッピングOK', 'ブランド直営店ラッピングOK', 'パーティースタイル', 'ホームパーティーアイテム', 'エレガントスタイル', 'カジュアルスタイル', 'フォーマルスタイル', '謝恩会', '結婚式・二次会']
palace : ['宮城県', '宮城県']
price : ¥104,000
color : [['gold', '※要在庫確認']]
img_path : C:\Users\ntagu\workspace\til\web_op\exhibition_page_create_bym_chnl\img\04-22_12/
is_enable : True
prod_name : ブレスレット
prod_code :  AB5710 B04917 NB218
prod_code_list : ['AB5710 B04917 NB218']
prod_spec : 
size_list : []
size_table : 
is_enable : True


13 ===============

category : ['レディースファッション', 'バッグ・カバン', 'ショルダーバッグ・ポシェット']
season : []
theme : []
tag : ['チェーン', 'ロゴ']
palace : ['宮城県', '宮城県']
price : ¥199,800
color : [['beige', '黒 ベージュ']]
img_path : C:\Users\ntagu\workspace\til\web_op\exhibition_page_create_bym_chnl\img\04-22_13/
is_enable : True
prod_name : ヴァニティー ケース
prod_code :  AP1999 B05010 N4130
prod_code_list : ['AP1999 B05010 N4130']
prod_spec : 9.5 × 17 × 8 cm
size_list : []
size_table : 
is_enable : True


14 ===============

category : ['レディースファッション', 'バッグ・カバン', 'ショルダーバッグ・ポシェット']
season : []
theme : []
tag : ['ギフトラッピングOK', '2WAY', 'ブランド直営店ラッピングOK', 'レザー（本革）', 'パーティースタイル', 'エレガントスタイル', 'カジュアルスタイル']
palace : ['宮城県', '宮城県']
price : ¥523,100
color : [['black', 'BLACK'], ['white', 'WHITE'], ['blue', 'NEON\u3000BLUE'], ['pink', 'NEON\u3000PINK'], ['gold', 'GOLD'], ['green', 'GREEN']]
img_path : C:\Users\ntagu\workspace\til\web_op\exhibition_page_create_bym_chnl\img\04-22_14/
is_enable : True
prod_name : ミニ フラップ バッグ
prod_code :  A69900 Y04059 94305
prod_code_list : ['A69900 Y04059 94305', 'A69900 B05462 10601', 'A69900 B05640 NC419', 'A69900 B05640 NC421', 'A69900 B05133 NB812', ' A69900 B05187 NB35', '8A69900 Y04059 NA10']
prod_spec : 12 × 20 × 6 cm
size_list : []
size_table : 
is_enable : True


15 ===============

category : ['レディースファッション', 'アクセサリー', 'ブレスレット']
season : ['2021 SS']
theme : ['雑誌、ＴＶ、映画に登場アイテム♪']
tag : ['バングル', 'コスチュームジュエリー', '異素材ミックス', 'カジュアルスタイル']
palace : ['宮城県', '宮城県']
price : ¥228,600
color : [['gold', 'ゴールド/ブラック']]
img_path : C:\Users\ntagu\workspace\til\web_op\exhibition_page_create_bym_chnl\img\04-22_15/
is_enable : True
prod_name : バングル
prod_code :  AB6140 B05547 NC155
prod_code_list : ['AB6140 B05547 NC155']
prod_spec : 
size_list : []
size_table : 
is_enable : True


16 ===============

category : ['レディースファッション', '靴・シューズ', 'フラットシューズ']
season : []
theme : []
tag : ['エスパドリーユ', 'ラウンドトゥ', 'ラバーソール', '無地', 'レザー（本革）', 'ロゴ']
palace : ['宮城県', '宮城県']
price : ¥111,700
color : [['beige', 'ベージュ']]
img_path : C:\Users\ntagu\workspace\til\web_op\exhibition_page_create_bym_chnl\img\04-22_16/
is_enable : True
prod_name : エスパドリーユ
prod_code :  G37302 Y55182 K2715
prod_code_list : ['G37302 Y55182 K2715', 'G37302 Y55183 K2719']
prod_spec : 
size_list : []
size_table : 
is_enable : True


17 ===============

category : ['レディースファッション', '靴・シューズ', 'サンダル・ミュール']
season : ['2021 SS']
theme : []
tag : ['0〜3cm', 'Neiman Marcus', 'Saks Fifth Avenue', '無地', 'エレガントスタイル', 'カジュアルスタイル', 'ミュール', 'ロゴ']
palace : ['宮城県', '宮城県']
price : ¥161,000
color : [['black', 'ブラック'], ['white', 'ライトベージュ'], ['navy', 'ネイビー']]
img_path : C:\Users\ntagu\workspace\til\web_op\exhibition_page_create_bym_chnl\img\04-22_17/
is_enable : True
prod_name : ミュール
prod_code :  G36923 X56032 0K044
prod_code_list : ['G36923 X56032 94305', 'G36923 X56032 0K042', 'G36923 X56032 0K044']
prod_spec : 
size_list : []
size_table : 
is_enable : True


18 ===============

category : ['レディースファッション', 'バッグ・カバン', 'ショルダーバッグ・ポシェット']
season : ['2021 SS']
theme : []
tag : []
palace : ['宮城県', '宮城県']
price : ¥229,700
color : [['pink', 'ピンク']]
img_path : C:\Users\ntagu\workspace\til\web_op\exhibition_page_create_bym_chnl\img\04-22_18/
is_enable : True
prod_name : チェーン クラッチ
prod_code :  AP2034 B05060 NB358
prod_code_list : ['AP2034 B05060 NB358']
prod_spec : 12 × 12 × 4.5 cm
size_list : []
size_table : 
is_enable : True


19 ===============

category : ['レディースファッション', 'バッグ・カバン', 'クラッチバッグ']
season : ['2021 Cruise']
theme : []
tag : ['BAILA', 'JJ', 'VERY', 'ブランド直営店ラッピングOK', '無地', 'レザー（本革）', 'パーティースタイル', 'オフィススタイル', 'カジュアルスタイル', 'ロゴ', 'CanCam']
palace : ['宮城県', '宮城県']
price : ¥307,000
color : [['black', 'ブラック']]
img_path : C:\Users\ntagu\workspace\til\web_op\exhibition_page_create_bym_chnl\img\04-22_19/
is_enable : True
prod_name : ポーチ
prod_code :  AP1957 B04814 94305
prod_code_list : ['AP1957 B04814 94305']
prod_spec : 12.5 × 19 × 5 cm
size_list : []
size_table : 
is_enable : True


20 ===============

category : ['ビューティー', 'メイク小物', 'メイクポーチ']
season : ['2019 Cruise']
theme : []
tag : ['異素材ミックス', 'ブランド直営店ラッピングOK', 'ホリデー・クリスマス限定', '英語版向け']
palace : ['宮城県', '宮城県']
price : ¥342,000
color : [['black', 'ブラック']]
img_path : C:\Users\ntagu\workspace\til\web_op\exhibition_page_create_bym_chnl\img\04-22_20/
is_enable : True
prod_name : クラシック ヴァニティー ポーチ
prod_code :  A80913 Y04059 C3906
prod_code_list : ['A80913 Y04059 C3906']
prod_spec : 15 × 21 × 14 cm
size_list : []
size_table : 
is_enable : True


21 ===============

category : ['レディースファッション', '靴・シューズ', 'ローファー・オックスフォード']
season : ['2021 SS']
theme : []
tag : ['ポインテッドトゥ', '0〜3cm', '異素材ミックス', 'ブランド直営店ラッピングOK', '無地', 'レザー（本革）', '太めヒール', 'ホリデー・クリスマス限定', 'エレガントスタイル', '英語版向け', 'ロゴ']
palace : ['宮城県', '宮城県']
price : ¥303,000
color : [['black', 'ブラック']]
img_path : C:\Users\ntagu\workspace\til\web_op\exhibition_page_create_bym_chnl\img\04-22_21/
is_enable : True
prod_name : ローファー
prod_code :  G37403 X56164 94305
prod_code_list : ['G37403 X56164 94305']
prod_spec : ヒールの高さ 35 mm
size_list : []
size_table : 
is_enable : True


