4 ===============

category : ['レディースファッション', 'アクセサリー', 'ヘアアクセサリー']
season : []
theme : []
tag : ['カジュアルスタイル']
palace : ['宮城県', '宮城県']
price : ¥93,400
color : [['black', 'ブラック(即購入禁止)']]
img_path : C:\Users\ntagu\workspace\til\web_op\exhibition_page_create_bym_chnl\img\04-28_﻿4/
is_enable : True
prod_name : ヘア アクセサリー
prod_code :  AA7497 B05263 94305
prod_code_list : ['AA7497 B05263 94305']
prod_spec : 
size_list : []
size_table : 
is_enable : True


5 ===============

category : ['レディースファッション', 'アクセサリー', 'ヘアアクセサリー']
season : ['2020-21 AW']
theme : []
tag : ['シュシュ', '異素材ミックス', 'ブランド直営店ラッピングOK', 'チェーン', 'パーティースタイル', 'ビジュー', 'エレガントスタイル', 'カジュアルスタイル', 'フォーマルスタイル']
palace : ['宮城県', '宮城県']
price : ¥83,000
color : []
img_path : C:\Users\ntagu\workspace\til\web_op\exhibition_page_create_bym_chnl\img\04-28_5/
is_enable : True
prod_name : ヘア アクセサリー
prod_code :  AA7491 B05263 94305
prod_code_list : ['AA7491 B05263 94305']
prod_spec : 
size_list : []
size_table : 
is_enable : True


9 ===============

category : ['レディースファッション', 'アクセサリー', 'ヘアアクセサリー']
season : []
theme : ['まとめて買ってオトク☆']
tag : ['ブランド直営店ラッピングOK']
palace : ['宮城県', '宮城県']
price : ¥34,800
color : []
img_path : C:\Users\ntagu\workspace\til\web_op\exhibition_page_create_bym_chnl\img\04-28_9/
is_enable : True
prod_name : ヘアバンド
prod_code :  AA7447 B05146 NB836
prod_code_list : ['AA7447 B05146 NB836', 'AA7447 B05146 10800', 'AA7447 B05146 94305']
prod_spec : 120 × 6 cm
size_list : []
size_table : 
is_enable : True


