1 ===============

category : ['レディースファッション', 'アクセサリー', 'ヘアアクセサリー']
season : ['2021 SS']
theme : []
tag : ['ブランド直営店ラッピングOK', 'カジュアルスタイル', 'フォーマルスタイル', '結婚式・二次会']
palace : ['宮城県', '宮城県']
price : ¥87,000
color : [['white', 'ブラック&エクリュ']]
img_path : C:\Users\ntagu\workspace\til\web_op\exhibition_page_create_bym_chnl\img\04-22_﻿1/
is_enable : True
prod_name : ヘアバンド
prod_code :  AA7500 B05293 NB920
prod_code_list : [' AA7500 B05293 NB92']
prod_spec : 
size_list : []
size_table : 
is_enable : True


2 ===============

category : ['レディースファッション', 'アクセサリー', 'ヘアアクセサリー']
season : []
theme : []
tag : ['コスチュームジュエリー', 'ブランド直営店ラッピングOK', '真鍮', 'エレガントスタイル']
palace : ['宮城県', '宮城県']
price : ¥81,900
color : [['gold', 'ゴールド']]
img_path : C:\Users\ntagu\workspace\til\web_op\exhibition_page_create_bym_chnl\img\04-22_2/
is_enable : True
prod_name : ヘア クリップ
prod_code :  AB5836 B04917 NB218
prod_code_list : ['AB5836 B04917 NB218']
prod_spec : 
size_list : []
size_table : 
is_enable : True


3 ===============

category : ['メンズファッション', 'ファッション雑貨・小物', 'ベルト']
season : ['2020-21 AW']
theme : ['雑誌、ＴＶ、映画に登場アイテム♪']
tag : ['ユニセックス', 'ギフトラッピングOK', 'ストリート', '無地', 'レザー（本革）', '英語版向け', 'ロゴ', '謝恩会', '結婚式・二次会']
palace : ['宮城県', '宮城県']
price : ¥125,400
color : [['black', 'ブラック']]
img_path : C:\Users\ntagu\workspace\til\web_op\exhibition_page_create_bym_chnl\img\04-22_3/
is_enable : True
prod_name : ベルト
prod_code :  AA7504 B05300 94305
prod_code_list : ['AA7504 B05300 94305']
prod_spec : 
size_list : []
size_table : 
is_enable : True


4 ===============

category : not found ref bym page
season : not found ref bym page
theme : not found ref bym page
tag : not found ref bym page
palace : not found ref bym page
price : not found ref bym page
color : not found ref bym page
img_path : not found ref bym page
is_enable : False
prod_name : ヘア アクセサリー
prod_code :  AA7497 B05263 94305
prod_code_list : ['AA7497 B05263 94305']
prod_spec : 
size_list : []
size_table : 
is_enable : True


